=== SCRAPER ===
Command: C:\Users\practicante.coe03\AppData\Local\Programs\Python\Python311\python.exe scrapers/augment_dataset.py --target-total 200000
Return code: 0
--- STDOUT ---

--- STDERR ---
[scraper] 2026-05-01 13:15:36,537 INFO Iniciando complementacion desde C:\Users\practicante.coe03\Desktop\Clases\Programacion Concurrente y Distribuida\semantic-search-court-records\datasets\raw\expedientes_tc_masivo.csv
[scraper] 2026-05-01 13:15:37,708 INFO Registros complementados: 50000 / 150000
[scraper] 2026-05-01 13:15:38,520 INFO Registros complementados: 100000 / 150000
[scraper] 2026-05-01 13:15:39,299 INFO Registros complementados: 150000 / 150000
[scraper] 2026-05-01 13:15:39,300 INFO Complementacion terminada: 150000 registros nuevos
[scraper] 2026-05-01 13:15:39,309 INFO Registros complementados: 150000

[merge] 2026-05-01 13:15:41,101 INFO Filas fusionadas: 100000
[merge] 2026-05-01 13:15:43,031 INFO Filas fusionadas: 200000
[merge] 2026-05-01 13:15:44,759 INFO Fusion completada: 291538 filas
=== MERGE ===
Command: C:\Users\practicante.coe03\AppData\Local\Programs\Python\Python311\python.exe scripts/merge_datasets.py
Return code: 0
--- STDOUT ---

--- STDERR ---
[merge] 2026-05-01 13:15:41,101 INFO Filas fusionadas: 100000
[merge] 2026-05-01 13:15:43,031 INFO Filas fusionadas: 200000
[merge] 2026-05-01 13:15:44,759 INFO Fusion completada: 291538 filas

[validate] 2026-05-01 13:15:45,061 INFO Validacion: cumple
[validate] 2026-05-01 13:15:45,061 INFO Total=291538 Objetivo=200000
=== VALIDATION ===
Command: C:\Users\practicante.coe03\AppData\Local\Programs\Python\Python311\python.exe scripts/validate_dataset.py --target 200000
Return code: 0
--- STDOUT ---

--- STDERR ---
[validate] 2026-05-01 13:15:45,061 INFO Validacion: cumple
[validate] 2026-05-01 13:15:45,061 INFO Total=291538 Objetivo=200000

